
> cribbage-trainer@0.1.0 lint:jscpd
> jscpd

Clone found (typescript):
 - src/game/expectedCutAddedPoints.test.ts [20:2 - 22:16] (2 lines, 35 tokens)
   src/game/expectedCutAddedPoints.test.ts [8:2 - 10:5]

┌────────────┬────────────────┬─────────────┬──────────────┬──────────────┬──────────────────┬───────────────────┐
│ Format     │ Files analyzed │ Total lines │ Total tokens │ Clones found │ Duplicated lines │ Duplicated tokens │
├────────────┼────────────────┼─────────────┼──────────────┼──────────────┼──────────────────┼───────────────────┤
│ typescript │ 70             │ 3322        │ 23517        │ 1            │ 2 (0.06%)        │ 35 (0.15%)        │
├────────────┼────────────────┼─────────────┼──────────────┼──────────────┼──────────────────┼───────────────────┤
│ javascript │ 34             │ 495         │ 4079         │ 0            │ 0 (0%)           │ 0 (0%)            │
├────────────┼────────────────┼─────────────┼──────────────┼──────────────┼──────────────────┼───────────────────┤
│ tsx        │ 36             │ 2549        │ 22097        │ 0            │ 0 (0%)           │ 0 (0%)            │
├────────────┼────────────────┼─────────────┼──────────────┼──────────────┼──────────────────┼───────────────────┤
│ Total:     │ 140            │ 6366        │ 49693        │ 1            │ 2 (0.03%)        │ 35 (0.07%)        │
└────────────┴────────────────┴─────────────┴──────────────┴──────────────┴──────────────────┴───────────────────┘
Found 1 clones.
Error: ERROR: jscpd found too many duplicates (0.03%) over threshold (0%)
    at ThresholdReporter.report (/Volumes/CaseSensitiveCode/personal/cribbage-trainer/node_modules/@jscpd/finder/dist/index.js:615:13)
    at /Volumes/CaseSensitiveCode/personal/cribbage-trainer/node_modules/@jscpd/finder/dist/index.js:109:18
    at Array.forEach (<anonymous>)
    at /Volumes/CaseSensitiveCode/personal/cribbage-trainer/node_modules/@jscpd/finder/dist/index.js:108:22
    at async /Volumes/CaseSensitiveCode/personal/cribbage-trainer/node_modules/jscpd/dist/bin/jscpd.js:9:5
